# JRE version: OpenJDK Runtime Environment Temurin-21.0.3+9 (21.0.3+9) (build 21.0.3+9-LTS)
# Java VM: OpenJDK 64-Bit Server VM Temurin-21.0.3+9 (21.0.3+9-LTS, mixed mode, emulated-client, tiered, compressed oops, compressed class ptrs, g1 gc, windows-amd64)
GC Precious Log:
 CardTable entry size: 512
 Card Set container configuration: InlinePtr #cards 4 size 8 Array Of Cards #cards 16 size 48 Howl #buckets 8 coarsen threshold 3686 Howl Bitmap #cards 512 size 80 coarsen threshold 460 Card regions per heap region 1 cards per card region 4096
 CPUs: 12 total, 12 available
 Memory: 15182M
 Large Page Support: Disabled
 NUMA Support: Disabled
 Compressed Oops: Enabled (Zero based)
 Heap Region Size: 2M
 Heap Min Capacity: 8M
 Heap Initial Capacity: 238M
 Heap Max Capacity: 3796M
 Pre-touch: Disabled
 Parallel Workers: 10
 Concurrent Workers: 3
 Concurrent Refinement Workers: 10
 Periodic GC: Disabled
Heap:
 garbage-first heap   total 102400K, used 55209K [0x0000000712c00000, 0x0000000800000000)
  region size 2048K, 6 young (12288K), 1 survivors (2048K)
 Metaspace       used 114629K, committed 115648K, reserved 1179648K
  class space    used 15395K, committed 15808K, reserved 1048576K
GC Heap History (20 events):
Event: 779.168 GC heap before
{Heap before GC invocations=43 (full 2):
 garbage-first heap   total 102400K, used 89876K [0x0000000712c00000, 0x0000000800000000)
  region size 2048K, 28 young (57344K), 0 survivors (0K)
 Metaspace       used 113368K, committed 114112K, reserved 1179648K
  class space    used 15288K, committed 15616K, reserved 1048576K
}
Event: 779.173 GC heap after
{Heap after GC invocations=44 (full 2):
 garbage-first heap   total 102400K, used 38482K [0x0000000712c00000, 0x0000000800000000)
  region size 2048K, 3 young (6144K), 3 survivors (6144K)
 Metaspace       used 113368K, committed 114112K, reserved 1179648K
  class space    used 15288K, committed 15616K, reserved 1048576K
}
Event: 779.970 GC heap before
{Heap before GC invocations=44 (full 2):
 garbage-first heap   total 102400K, used 85586K [0x0000000712c00000, 0x0000000800000000)
  region size 2048K, 26 young (53248K), 3 survivors (6144K)
 Metaspace       used 113795K, committed 114560K, reserved 1179648K
  class space    used 15334K, committed 15680K, reserved 1048576K
}
Event: 779.979 GC heap after
{Heap after GC invocations=45 (full 2):
 garbage-first heap   total 102400K, used 42099K [0x0000000712c00000, 0x0000000800000000)
  region size 2048K, 2 young (4096K), 2 survivors (4096K)
 Metaspace       used 113795K, committed 114560K, reserved 1179648K
  class space    used 15334K, committed 15680K, reserved 1048576K
}
Event: 787.684 GC heap before
{Heap before GC invocations=45 (full 2):
 garbage-first heap   total 102400K, used 87155K [0x0000000712c00000, 0x0000000800000000)
  region size 2048K, 24 young (49152K), 2 survivors (4096K)
 Metaspace       used 113918K, committed 114752K, reserved 1179648K
  class space    used 15367K, committed 15744K, reserved 1048576K
}
Event: 787.690 GC heap after
{Heap after GC invocations=46 (full 2):
 garbage-first heap   total 102400K, used 45415K [0x0000000712c00000, 0x0000000800000000)
  region size 2048K, 2 young (4096K), 2 survivors (4096K)
 Metaspace       used 113918K, committed 114752K, reserved 1179648K
  class space    used 15367K, committed 15744K, reserved 1048576K
}
Event: 1144.134 GC heap before
{Heap before GC invocations=47 (full 2):
 garbage-first heap   total 102400K, used 86375K [0x0000000712c00000, 0x0000000800000000)
  region size 2048K, 22 young (45056K), 2 survivors (4096K)
 Metaspace       used 114050K, committed 114944K, reserved 1179648K
  class space    used 15366K, committed 15744K, reserved 1048576K
}
Event: 1144.138 GC heap after
{Heap after GC invocations=48 (full 2):
 garbage-first heap   total 102400K, used 46114K [0x0000000712c00000, 0x0000000800000000)
  region size 2048K, 1 young (2048K), 1 survivors (2048K)
 Metaspace       used 114050K, committed 114944K, reserved 1179648K
  class space    used 15366K, committed 15744K, reserved 1048576K
}
Event: 1557.387 GC heap before
{Heap before GC invocations=48 (full 2):
 garbage-first heap   total 102400K, used 87074K [0x0000000712c00000, 0x0000000800000000)
  region size 2048K, 21 young (43008K), 1 survivors (2048K)
 Metaspace       used 114050K, committed 114944K, reserved 1179648K
  class space    used 15366K, committed 15744K, reserved 1048576K
}
Event: 1557.393 GC heap after
{Heap after GC invocations=49 (full 2):
 garbage-first heap   total 102400K, used 44400K [0x0000000712c00000, 0x0000000800000000)
  region size 2048K, 1 young (2048K), 1 survivors (2048K)
 Metaspace       used 114050K, committed 114944K, reserved 1179648K
  class space    used 15366K, committed 15744K, reserved 1048576K
}
Event: 1951.490 GC heap before
{Heap before GC invocations=49 (full 2):
 garbage-first heap   total 102400K, used 87408K [0x0000000712c00000, 0x0000000800000000)
  region size 2048K, 23 young (47104K), 1 survivors (2048K)
 Metaspace       used 114075K, committed 114944K, reserved 1179648K
  class space    used 15367K, committed 15744K, reserved 1048576K
}
Event: 1951.627 GC heap after
{Heap after GC invocations=50 (full 3):
 garbage-first heap   total 102400K, used 33306K [0x0000000712c00000, 0x0000000800000000)
  region size 2048K, 0 young (0K), 0 survivors (0K)
 Metaspace       used 113835K, committed 114944K, reserved 1179648K
  class space    used 15306K, committed 15744K, reserved 1048576K
}
Event: 1954.408 GC heap before
{Heap before GC invocations=50 (full 3):
 garbage-first heap   total 102400K, used 84506K [0x0000000712c00000, 0x0000000800000000)
  region size 2048K, 26 young (53248K), 0 survivors (0K)
 Metaspace       used 114045K, committed 114944K, reserved 1179648K
  class space    used 15344K, committed 15744K, reserved 1048576K
}
Event: 1954.417 GC heap after
{Heap after GC invocations=51 (full 3):
 garbage-first heap   total 102400K, used 38640K [0x0000000712c00000, 0x0000000800000000)
  region size 2048K, 3 young (6144K), 3 survivors (6144K)
 Metaspace       used 114045K, committed 114944K, reserved 1179648K
  class space    used 15344K, committed 15744K, reserved 1048576K
}
Event: 1955.124 GC heap before
{Heap before GC invocations=52 (full 3):
 garbage-first heap   total 102400K, used 83696K [0x0000000712c00000, 0x0000000800000000)
  region size 2048K, 25 young (51200K), 3 survivors (6144K)
 Metaspace       used 114468K, committed 115264K, reserved 1179648K
  class space    used 15390K, committed 15744K, reserved 1048576K
}
Event: 1955.131 GC heap after
{Heap after GC invocations=53 (full 3):
 garbage-first heap   total 102400K, used 42235K [0x0000000712c00000, 0x0000000800000000)
  region size 2048K, 2 young (4096K), 2 survivors (4096K)
 Metaspace       used 114468K, committed 115264K, reserved 1179648K
  class space    used 15390K, committed 15744K, reserved 1048576K
}
Event: 1955.626 GC heap before
{Heap before GC invocations=53 (full 3):
 garbage-first heap   total 102400K, used 85243K [0x0000000712c00000, 0x0000000800000000)
  region size 2048K, 23 young (47104K), 2 survivors (4096K)
 Metaspace       used 114544K, committed 115392K, reserved 1179648K
  class space    used 15410K, committed 15808K, reserved 1048576K
}
Event: 1955.631 GC heap after
{Heap after GC invocations=54 (full 3):
 garbage-first heap   total 102400K, used 45810K [0x0000000712c00000, 0x0000000800000000)
  region size 2048K, 2 young (4096K), 2 survivors (4096K)
 Metaspace       used 114544K, committed 115392K, reserved 1179648K
  class space    used 15410K, committed 15808K, reserved 1048576K
}
Event: 2235.210 GC heap before
{Heap before GC invocations=54 (full 3):
 garbage-first heap   total 102400K, used 86770K [0x0000000712c00000, 0x0000000800000000)
  region size 2048K, 22 young (45056K), 2 survivors (4096K)
 Metaspace       used 114816K, committed 115648K, reserved 1179648K
  class space    used 15443K, committed 15808K, reserved 1048576K
}
Event: 2235.214 GC heap after
{Heap after GC invocations=55 (full 3):
 garbage-first heap   total 102400K, used 47017K [0x0000000712c00000, 0x0000000800000000)
  region size 2048K, 1 young (2048K), 1 survivors (2048K)
 Metaspace       used 114816K, committed 115648K, reserved 1179648K
  class space    used 15443K, committed 15808K, reserved 1048576K
}

