# JRE version: OpenJDK Runtime Environment Temurin-21.0.3+9 (21.0.3+9) (build 21.0.3+9-LTS)
# Java VM: OpenJDK 64-Bit Server VM Temurin-21.0.3+9 (21.0.3+9-LTS, mixed mode, emulated-client, tiered, compressed oops, compressed class ptrs, g1 gc, windows-amd64)
GC Precious Log:
 CardTable entry size: 512
 Card Set container configuration: InlinePtr #cards 4 size 8 Array Of Cards #cards 16 size 48 Howl #buckets 8 coarsen threshold 3686 Howl Bitmap #cards 512 size 80 coarsen threshold 460 Card regions per heap region 1 cards per card region 4096
 CPUs: 12 total, 12 available
 Memory: 15182M
 Large Page Support: Disabled
 NUMA Support: Disabled
 Compressed Oops: Enabled (Zero based)
 Heap Region Size: 2M
 Heap Min Capacity: 8M
 Heap Initial Capacity: 238M
 Heap Max Capacity: 3796M
 Pre-touch: Disabled
 Parallel Workers: 10
 Concurrent Workers: 3
 Concurrent Refinement Workers: 10
 Periodic GC: Disabled
Heap:
 garbage-first heap   total 90112K, used 62557K [0x0000000712c00000, 0x0000000800000000)
  region size 2048K, 11 young (22528K), 2 survivors (4096K)
 Metaspace       used 102451K, committed 103296K, reserved 1179648K
  class space    used 14006K, committed 14336K, reserved 1048576K
GC Heap History (20 events):
Event: 827.694 GC heap before
{Heap before GC invocations=72 (full 5):
 garbage-first heap   total 86016K, used 70678K [0x0000000712c00000, 0x0000000800000000)
  region size 2048K, 15 young (30720K), 1 survivors (2048K)
 Metaspace       used 100177K, committed 100864K, reserved 1179648K
  class space    used 13721K, committed 14016K, reserved 1048576K
}
Event: 827.698 GC heap after
{Heap after GC invocations=73 (full 5):
 garbage-first heap   total 86016K, used 44261K [0x0000000712c00000, 0x0000000800000000)
  region size 2048K, 2 young (4096K), 2 survivors (4096K)
 Metaspace       used 100177K, committed 100864K, reserved 1179648K
  class space    used 13721K, committed 14016K, reserved 1048576K
}
Event: 828.260 GC heap before
{Heap before GC invocations=73 (full 5):
 garbage-first heap   total 86016K, used 72933K [0x0000000712c00000, 0x0000000800000000)
  region size 2048K, 16 young (32768K), 2 survivors (4096K)
 Metaspace       used 100342K, committed 101056K, reserved 1179648K
  class space    used 13732K, committed 14016K, reserved 1048576K
}
Event: 828.267 GC heap after
{Heap after GC invocations=74 (full 5):
 garbage-first heap   total 86016K, used 45356K [0x0000000712c00000, 0x0000000800000000)
  region size 2048K, 2 young (4096K), 2 survivors (4096K)
 Metaspace       used 100342K, committed 101056K, reserved 1179648K
  class space    used 13732K, committed 14016K, reserved 1048576K
}
Event: 828.636 GC heap before
{Heap before GC invocations=75 (full 5):
 garbage-first heap   total 90112K, used 71980K [0x0000000712c00000, 0x0000000800000000)
  region size 2048K, 15 young (30720K), 2 survivors (4096K)
 Metaspace       used 100350K, committed 101056K, reserved 1179648K
  class space    used 13735K, committed 14016K, reserved 1048576K
}
Event: 828.640 GC heap after
{Heap after GC invocations=76 (full 5):
 garbage-first heap   total 90112K, used 45889K [0x0000000712c00000, 0x0000000800000000)
  region size 2048K, 1 young (2048K), 1 survivors (2048K)
 Metaspace       used 100350K, committed 101056K, reserved 1179648K
  class space    used 13735K, committed 14016K, reserved 1048576K
}
Event: 832.382 GC heap before
{Heap before GC invocations=76 (full 5):
 garbage-first heap   total 90112K, used 66369K [0x0000000712c00000, 0x0000000800000000)
  region size 2048K, 12 young (24576K), 1 survivors (2048K)
 Metaspace       used 100360K, committed 101056K, reserved 1179648K
  class space    used 13736K, committed 14016K, reserved 1048576K
}
Event: 832.463 GC heap after
{Heap after GC invocations=77 (full 6):
 garbage-first heap   total 90112K, used 37157K [0x0000000712c00000, 0x0000000800000000)
  region size 2048K, 0 young (0K), 0 survivors (0K)
 Metaspace       used 100323K, committed 101056K, reserved 1179648K
  class space    used 13732K, committed 14016K, reserved 1048576K
}
Event: 833.410 GC heap before
{Heap before GC invocations=77 (full 6):
 garbage-first heap   total 90112K, used 78117K [0x0000000712c00000, 0x0000000800000000)
  region size 2048K, 20 young (40960K), 0 survivors (0K)
 Metaspace       used 100446K, committed 101184K, reserved 1179648K
  class space    used 13747K, committed 14080K, reserved 1048576K
}
Event: 833.415 GC heap after
{Heap after GC invocations=78 (full 6):
 garbage-first heap   total 90112K, used 40753K [0x0000000712c00000, 0x0000000800000000)
  region size 2048K, 2 young (4096K), 2 survivors (4096K)
 Metaspace       used 100446K, committed 101184K, reserved 1179648K
  class space    used 13747K, committed 14080K, reserved 1048576K
}
Event: 834.520 GC heap before
{Heap before GC invocations=79 (full 6):
 garbage-first heap   total 90112K, used 73521K [0x0000000712c00000, 0x0000000800000000)
  region size 2048K, 19 young (38912K), 2 survivors (4096K)
 Metaspace       used 100597K, committed 101376K, reserved 1179648K
  class space    used 13760K, committed 14080K, reserved 1048576K
}
Event: 834.526 GC heap after
{Heap after GC invocations=80 (full 6):
 garbage-first heap   total 90112K, used 42955K [0x0000000712c00000, 0x0000000800000000)
  region size 2048K, 2 young (4096K), 2 survivors (4096K)
 Metaspace       used 100597K, committed 101376K, reserved 1179648K
  class space    used 13760K, committed 14080K, reserved 1048576K
}
Event: 835.133 GC heap before
{Heap before GC invocations=80 (full 6):
 garbage-first heap   total 90112K, used 73675K [0x0000000712c00000, 0x0000000800000000)
  region size 2048K, 17 young (34816K), 2 survivors (4096K)
 Metaspace       used 100841K, committed 101568K, reserved 1179648K
  class space    used 13775K, committed 14080K, reserved 1048576K
}
Event: 835.139 GC heap after
{Heap after GC invocations=81 (full 6):
 garbage-first heap   total 90112K, used 44253K [0x0000000712c00000, 0x0000000800000000)
  region size 2048K, 2 young (4096K), 2 survivors (4096K)
 Metaspace       used 100841K, committed 101568K, reserved 1179648K
  class space    used 13775K, committed 14080K, reserved 1048576K
}
Event: 835.627 GC heap before
{Heap before GC invocations=81 (full 6):
 garbage-first heap   total 90112K, used 77021K [0x0000000712c00000, 0x0000000800000000)
  region size 2048K, 18 young (36864K), 2 survivors (4096K)
 Metaspace       used 100849K, committed 101568K, reserved 1179648K
  class space    used 13777K, committed 14080K, reserved 1048576K
}
Event: 835.631 GC heap after
{Heap after GC invocations=82 (full 6):
 garbage-first heap   total 90112K, used 45081K [0x0000000712c00000, 0x0000000800000000)
  region size 2048K, 2 young (4096K), 2 survivors (4096K)
 Metaspace       used 100849K, committed 101568K, reserved 1179648K
  class space    used 13777K, committed 14080K, reserved 1048576K
}
Event: 859.705 GC heap before
{Heap before GC invocations=83 (full 6):
 garbage-first heap   total 90112K, used 77849K [0x0000000712c00000, 0x0000000800000000)
  region size 2048K, 18 young (36864K), 2 survivors (4096K)
 Metaspace       used 100950K, committed 101696K, reserved 1179648K
  class space    used 13788K, committed 14080K, reserved 1048576K
}
Event: 859.709 GC heap after
{Heap after GC invocations=84 (full 6):
 garbage-first heap   total 90112K, used 45696K [0x0000000712c00000, 0x0000000800000000)
  region size 2048K, 2 young (4096K), 2 survivors (4096K)
 Metaspace       used 100950K, committed 101696K, reserved 1179648K
  class space    used 13788K, committed 14080K, reserved 1048576K
}
Event: 1184.967 GC heap before
{Heap before GC invocations=84 (full 6):
 garbage-first heap   total 90112K, used 74368K [0x0000000712c00000, 0x0000000800000000)
  region size 2048K, 17 young (34816K), 2 survivors (4096K)
 Metaspace       used 102419K, committed 103296K, reserved 1179648K
  class space    used 14002K, committed 14336K, reserved 1048576K
}
Event: 1184.974 GC heap after
{Heap after GC invocations=85 (full 6):
 garbage-first heap   total 90112K, used 46173K [0x0000000712c00000, 0x0000000800000000)
  region size 2048K, 2 young (4096K), 2 survivors (4096K)
 Metaspace       used 102419K, committed 103296K, reserved 1179648K
  class space    used 14002K, committed 14336K, reserved 1048576K
}

